0 info it worked if it ends with ok
1 verbose cli [ 'node', '/usr/local/bin/npm', 'install', 'node-gcm' ]
2 info using npm@2.11.3
3 info using node@v0.12.7
4 verbose install initial load of /Users/Bianca/Desktop/PhoneGapApps/pushTest/package.json
5 verbose readDependencies loading dependencies from /Users/Bianca/Desktop/PhoneGapApps/pushTest/package.json
6 silly cache add args [ 'node-gcm', null ]
7 verbose cache add spec node-gcm
8 silly cache add parsed spec { raw: 'node-gcm',
8 silly cache add   scope: null,
8 silly cache add   name: 'node-gcm',
8 silly cache add   rawSpec: '',
8 silly cache add   spec: '*',
8 silly cache add   type: 'range' }
9 silly addNamed node-gcm@*
10 verbose addNamed "*" is a valid semver range for node-gcm
11 silly addNameRange { name: 'node-gcm', range: '*', hasData: false }
12 silly mapToRegistry name node-gcm
13 silly mapToRegistry using default registry
14 silly mapToRegistry registry https://registry.npmjs.org/
15 silly mapToRegistry uri https://registry.npmjs.org/node-gcm
16 verbose addNameRange registry:https://registry.npmjs.org/node-gcm not in flight; fetching
17 verbose request uri https://registry.npmjs.org/node-gcm
18 verbose request no auth needed
19 info attempt registry request try #1 at 9:44:43 PM
20 verbose request id 3f4aaebbb0cb935d
21 http request GET https://registry.npmjs.org/node-gcm
22 http 200 https://registry.npmjs.org/node-gcm
23 silly get cb [ 200,
23 silly get   { server: 'CouchDB/1.5.0 (Erlang OTP/R16B03)',
23 silly get     etag: '"CYPNFN5NCT9RZKV38HSAQBIJG"',
23 silly get     'content-type': 'application/json',
23 silly get     'cache-control': 'max-age=60',
23 silly get     'content-length': '44301',
23 silly get     'accept-ranges': 'bytes',
23 silly get     date: 'Mon, 10 Aug 2015 03:44:43 GMT',
23 silly get     via: '1.1 varnish',
23 silly get     age: '0',
23 silly get     connection: 'keep-alive',
23 silly get     'x-served-by': 'cache-atl6222-ATL',
23 silly get     'x-cache': 'MISS',
23 silly get     'x-cache-hits': '0',
23 silly get     'x-timer': 'S1439178283.751220,VS0,VE33',
23 silly get     vary: 'Accept' } ]
24 verbose get saving node-gcm to /Users/Bianca/.npm/registry.npmjs.org/node-gcm/.cache.json
25 silly addNameRange number 2 { name: 'node-gcm', range: '*', hasData: true }
26 silly addNameRange versions [ 'node-gcm',
26 silly addNameRange   [ '0.9.1',
26 silly addNameRange     '0.9.2',
26 silly addNameRange     '0.9.3',
26 silly addNameRange     '0.9.4',
26 silly addNameRange     '0.9.5',
26 silly addNameRange     '0.9.6',
26 silly addNameRange     '0.9.7',
26 silly addNameRange     '0.9.8',
26 silly addNameRange     '0.9.9',
26 silly addNameRange     '0.9.10',
26 silly addNameRange     '0.9.11',
26 silly addNameRange     '0.9.12',
26 silly addNameRange     '0.9.13',
26 silly addNameRange     '0.9.14',
26 silly addNameRange     '0.9.15',
26 silly addNameRange     '0.10.0',
26 silly addNameRange     '0.11.0' ] ]
27 silly addNamed node-gcm@0.11.0
28 verbose addNamed "0.11.0" is a plain semver version for node-gcm
29 silly mapToRegistry name node-gcm
30 silly mapToRegistry using default registry
31 silly mapToRegistry registry https://registry.npmjs.org/
32 silly mapToRegistry uri https://registry.npmjs.org/node-gcm
33 verbose addRemoteTarball https://registry.npmjs.org/node-gcm/-/node-gcm-0.11.0.tgz not in flight; adding
34 verbose addRemoteTarball [ 'https://registry.npmjs.org/node-gcm/-/node-gcm-0.11.0.tgz',
34 verbose addRemoteTarball   '925442ae2799a9ae5aa04da401284418027a8a85' ]
35 info retry fetch attempt 1 at 9:44:44 PM
36 info attempt registry request try #1 at 9:44:44 PM
37 http fetch GET https://registry.npmjs.org/node-gcm/-/node-gcm-0.11.0.tgz
38 http fetch 200 https://registry.npmjs.org/node-gcm/-/node-gcm-0.11.0.tgz
39 silly fetchAndShaCheck shasum 925442ae2799a9ae5aa04da401284418027a8a85
40 verbose addTmpTarball /var/folders/df/nr0f61cn3n327xpghvsq5_bc0000gn/T/npm-52614-95241d30/registry.npmjs.org/node-gcm/-/node-gcm-0.11.0.tgz not in flight; adding
41 verbose addTmpTarball already have metadata; skipping unpack for node-gcm@0.11.0
42 silly cache afterAdd node-gcm@0.11.0
43 verbose afterAdd /Users/Bianca/.npm/node-gcm/0.11.0/package/package.json not in flight; writing
44 verbose afterAdd /Users/Bianca/.npm/node-gcm/0.11.0/package/package.json written
45 silly install resolved [ { name: 'node-gcm',
45 silly install resolved     description: 'a Node.JS wrapper library-port for Google Cloud Messaging for Android',
45 silly install resolved     version: '0.11.0',
45 silly install resolved     author: { name: 'Marcus Farkas', email: 'toothlessgear@finitebox.com' },
45 silly install resolved     contributors:
45 silly install resolved      [ [Object],
45 silly install resolved        [Object],
45 silly install resolved        [Object],
45 silly install resolved        [Object],
45 silly install resolved        [Object],
45 silly install resolved        [Object],
45 silly install resolved        [Object],
45 silly install resolved        [Object],
45 silly install resolved        [Object],
45 silly install resolved        [Object],
45 silly install resolved        [Object],
45 silly install resolved        [Object],
45 silly install resolved        [Object],
45 silly install resolved        [Object],
45 silly install resolved        [Object],
45 silly install resolved        [Object],
45 silly install resolved        [Object],
45 silly install resolved        [Object],
45 silly install resolved        [Object],
45 silly install resolved        [Object],
45 silly install resolved        [Object],
45 silly install resolved        [Object],
45 silly install resolved        [Object],
45 silly install resolved        [Object],
45 silly install resolved        [Object],
45 silly install resolved        [Object],
45 silly install resolved        [Object] ],
45 silly install resolved     repository:
45 silly install resolved      { type: 'git',
45 silly install resolved        url: 'http://github.com/ToothlessGear/node-gcm.git',
45 silly install resolved        web: 'http://github.com/ToothlessGear/node-gcm' },
45 silly install resolved     keywords:
45 silly install resolved      [ 'google',
45 silly install resolved        'cloud',
45 silly install resolved        'push',
45 silly install resolved        'notifications',
45 silly install resolved        'android',
45 silly install resolved        'c2dm',
45 silly install resolved        'gcm' ],
45 silly install resolved     main: 'index',
45 silly install resolved     files: [ 'index.js', 'lib/' ],
45 silly install resolved     scripts: { test: 'mocha test/**/*Spec.js' },
45 silly install resolved     dependencies: { request: '^2.27.0', debug: '^0.8.1' },
45 silly install resolved     devDependencies:
45 silly install resolved      { chai: '^2.2.0',
45 silly install resolved        mocha: '^2.2.4',
45 silly install resolved        proxyquire: '^1.4.0',
45 silly install resolved        sinon: '^1.14.1' },
45 silly install resolved     optionalDependencies: {},
45 silly install resolved     engines: { node: '>= 0.10.0' },
45 silly install resolved     bugs: { url: 'https://github.com/ToothlessGear/node-gcm/issues' },
45 silly install resolved     homepage: 'https://github.com/ToothlessGear/node-gcm',
45 silly install resolved     directories: { test: 'test' },
45 silly install resolved     license: 'MIT',
45 silly install resolved     gitHead: 'be27fc7ed90d689c89560ada13e0f273812f3d60',
45 silly install resolved     _id: 'node-gcm@0.11.0',
45 silly install resolved     _shasum: '925442ae2799a9ae5aa04da401284418027a8a85',
45 silly install resolved     _from: 'node-gcm@*',
45 silly install resolved     _npmVersion: '1.4.28',
45 silly install resolved     _npmUser: { name: 'hypesystem', email: 'me@hypesystem.dk' },
45 silly install resolved     maintainers: [ [Object], [Object] ],
45 silly install resolved     dist:
45 silly install resolved      { shasum: '925442ae2799a9ae5aa04da401284418027a8a85',
45 silly install resolved        tarball: 'http://registry.npmjs.org/node-gcm/-/node-gcm-0.11.0.tgz' },
45 silly install resolved     _resolved: 'https://registry.npmjs.org/node-gcm/-/node-gcm-0.11.0.tgz' } ]
46 info install node-gcm@0.11.0 into /Users/Bianca/Desktop/PhoneGapApps/pushTest
47 info installOne node-gcm@0.11.0
48 verbose installOne of node-gcm to /Users/Bianca/Desktop/PhoneGapApps/pushTest not in flight; installing
49 warn locking Error: EACCES, open '/Users/Bianca/.npm/_locks/node-gcm-9d6887b2caea13c8.lock'
49 warn locking     at Error (native)
49 warn locking  /Users/Bianca/.npm/_locks/node-gcm-9d6887b2caea13c8.lock failed { [Error: EACCES, open '/Users/Bianca/.npm/_locks/node-gcm-9d6887b2caea13c8.lock']
49 warn locking   errno: -13,
49 warn locking   code: 'EACCES',
49 warn locking   path: '/Users/Bianca/.npm/_locks/node-gcm-9d6887b2caea13c8.lock' }
50 verbose stack Error: Attempt to unlock /Users/Bianca/Desktop/PhoneGapApps/pushTest/node_modules/node-gcm, which hasn't been locked
50 verbose stack     at unlock (/usr/local/lib/node_modules/npm/lib/utils/locker.js:66:11)
50 verbose stack     at cb (/usr/local/lib/node_modules/npm/lib/install.js:1017:5)
50 verbose stack     at /usr/local/lib/node_modules/npm/lib/install.js:1021:20
50 verbose stack     at /usr/local/lib/node_modules/npm/lib/utils/locker.js:40:9
50 verbose stack     at cb (/usr/local/lib/node_modules/npm/node_modules/lockfile/lockfile.js:149:38)
50 verbose stack     at /usr/local/lib/node_modules/npm/node_modules/lockfile/lockfile.js:177:38
50 verbose stack     at FSReqWrap.oncomplete (fs.js:95:15)
51 verbose cwd /Users/Bianca/Desktop/PhoneGapApps/pushTest
52 error Darwin 14.4.0
53 error argv "node" "/usr/local/bin/npm" "install" "node-gcm"
54 error node v0.12.7
55 error npm  v2.11.3
56 error Attempt to unlock /Users/Bianca/Desktop/PhoneGapApps/pushTest/node_modules/node-gcm, which hasn't been locked
57 error If you need help, you may report this error at:
57 error     <https://github.com/npm/npm/issues>
58 verbose exit [ 1, true ]
